0 info it worked if it ends with ok
1 verbose cli [ 'D:\\nodejs\\node.exe',
1 verbose cli   'D:\\nodejs\\node_modules\\npm\\bin\\npm-cli.js',
1 verbose cli   'start' ]
2 info using npm@3.10.10
3 info using node@v6.11.2
4 verbose run-script [ 'prestart', 'start', 'poststart' ]
5 info lifecycle windows@1.0.0~prestart: windows@1.0.0
6 silly lifecycle windows@1.0.0~prestart: no script for prestart, continuing
7 info lifecycle windows@1.0.0~start: windows@1.0.0
8 verbose lifecycle windows@1.0.0~start: unsafe-perm in lifecycle true
9 verbose lifecycle windows@1.0.0~start: PATH: D:\nodejs\node_modules\npm\bin\node-gyp-bin;C:\Users\xiongang\Desktop\front-end\Windows\node_modules\.bin;C:\ProgramData\Oracle\Java\javapath;C:\Program Files (x86)\NVIDIA Corporation\PhysX\Common;C:\windows\system32;C:\windows;C:\windows\System32\Wbem;C:\windows\System32\WindowsPowerShell\v1.0\;C:\Program Files (x86)\MySQL\MySQL Server 5.5\bin;C:\Program Files (x86)\Windows Kits\8.1\Windows Performance Toolkit\;C:\Program Files\Microsoft SQL Server\110\Tools\Binn\;C:\Program Files\Java\jre1.8.0_141\bin;C:\Users\xiongang\AppData\Local\GitHubDesktop\app-0.7.2\resources\app\git\mingw64\bin;C:\Program Files\Git\cmd;C:\Windows\Microsoft.NET\Framework\v4.0.30319;D:\nodejs\;C:\Program Files\dotnet\;C:\Program Files\Microsoft Windows Performance Toolkit\;C:\Program Files\TortoiseGit\bin;D:\Python\Python36-32\Scripts\;D:\Python\Python36-32\;D:\Program Files (x86)\Microsoft Visual Studio\Common\Tools\WinNT;D:\Program Files (x86)\Microsoft Visual Studio\Common\MSDev98\Bin;D:\Program Files (x86)\Microsoft Visual Studio\Common\Tools;D:\Program Files (x86)\Microsoft Visual Studio\VC98\bin;C:\Program Files (x86)\MySQL\MySQL Server 5.5\bin;D:\Program Files (x86)\Dev-Cpp\MinGW64\bin;C:\Windows\System32;D:\Program Files (x86)\Microsoft VS Code\bin;C:\Users\xiongang\AppData\Roaming\npm;D:\Fiddler;C:\MinGW\bin;C:\Lua\lua-5.3.4\src;C:\GnuWin32\bin
10 verbose lifecycle windows@1.0.0~start: CWD: C:\Users\xiongang\Desktop\front-end\Windows
11 silly lifecycle windows@1.0.0~start: Args: [ '/d /s /c', 'http-server -p 8888' ]
12 verbose stack Error: kill ENOSYS
12 verbose stack     at exports._errnoException (util.js:1020:11)
12 verbose stack     at process.kill (internal/process.js:190:13)
12 verbose stack     at process.listener (D:\nodejs\node_modules\npm\node_modules\npmlog\node_modules\gauge\node_modules\signal-exit\index.js:86:15)
12 verbose stack     at emitNone (events.js:91:20)
12 verbose stack     at process.emit (events.js:185:7)
12 verbose stack     at processEmit (D:\nodejs\node_modules\npm\node_modules\npmlog\node_modules\gauge\node_modules\signal-exit\index.js:146:32)
12 verbose stack     at processEmit (D:\nodejs\node_modules\npm\node_modules\npm-registry-client\node_modules\npmlog\node_modules\gauge\node_modules\signal-exit\index.js:146:32)
12 verbose stack     at Signal.wrap.onsignal (internal/process.js:217:44)
13 verbose cwd C:\Users\xiongang\Desktop\front-end\Windows
14 error Windows_NT 6.1.7601
15 error argv "D:\\nodejs\\node.exe" "D:\\nodejs\\node_modules\\npm\\bin\\npm-cli.js" "start"
16 error node v6.11.2
17 error npm  v3.10.10
18 error code ENOSYS
19 error errno ENOSYS
20 error syscall kill
21 error kill ENOSYS
22 error If you need help, you may report this error at:
22 error     <https://github.com/npm/npm/issues>
23 verbose exit [ 1, true ]
